  Agent.cpp
e:\onedrive\scratch\cppscratch\robonav2019\robonav2019\agent.cpp(149): warning C4018: '<': signed/unsigned mismatch
e:\onedrive\scratch\cppscratch\robonav2019\robonav2019\agent.cpp(164): warning C4018: '<': signed/unsigned mismatch
e:\onedrive\scratch\cppscratch\robonav2019\robonav2019\agent.cpp(216): warning C4018: '<': signed/unsigned mismatch
e:\onedrive\scratch\cppscratch\robonav2019\robonav2019\agent.cpp(236): warning C4018: '<': signed/unsigned mismatch
e:\onedrive\scratch\cppscratch\robonav2019\robonav2019\agent.cpp(256): warning C4018: '<': signed/unsigned mismatch
e:\onedrive\scratch\cppscratch\robonav2019\robonav2019\agent.cpp(276): warning C4018: '<': signed/unsigned mismatch
e:\onedrive\scratch\cppscratch\robonav2019\robonav2019\agent.cpp(294): warning C4018: '<': signed/unsigned mismatch
e:\onedrive\scratch\cppscratch\robonav2019\robonav2019\agent.cpp(299): warning C4018: '<': signed/unsigned mismatch
e:\onedrive\scratch\cppscratch\robonav2019\robonav2019\agent.cpp(315): warning C4018: '<': signed/unsigned mismatch
e:\onedrive\scratch\cppscratch\robonav2019\robonav2019\agent.cpp(340): warning C4018: '<': signed/unsigned mismatch
e:\onedrive\scratch\cppscratch\robonav2019\robonav2019\agent.cpp(360): warning C4018: '<': signed/unsigned mismatch
e:\onedrive\scratch\cppscratch\robonav2019\robonav2019\agent.cpp(380): warning C4018: '<': signed/unsigned mismatch
e:\onedrive\scratch\cppscratch\robonav2019\robonav2019\agent.cpp(423): warning C4244: 'argument': conversion from 'time_t' to 'unsigned int', possible loss of data
e:\onedrive\scratch\cppscratch\robonav2019\robonav2019\agent.cpp(514): warning C4018: '<': signed/unsigned mismatch
e:\onedrive\scratch\cppscratch\robonav2019\robonav2019\agent.cpp(516): warning C4018: '<': signed/unsigned mismatch
e:\onedrive\scratch\cppscratch\robonav2019\robonav2019\agent.cpp(570): warning C4018: '<': signed/unsigned mismatch
e:\onedrive\scratch\cppscratch\robonav2019\robonav2019\agent.cpp(578): warning C4018: '<': signed/unsigned mismatch
e:\onedrive\scratch\cppscratch\robonav2019\robonav2019\agent.cpp(635): warning C4018: '<': signed/unsigned mismatch
e:\onedrive\scratch\cppscratch\robonav2019\robonav2019\agent.cpp(643): warning C4018: '<': signed/unsigned mismatch
e:\onedrive\scratch\cppscratch\robonav2019\robonav2019\agent.cpp(665): warning C4018: '<': signed/unsigned mismatch
e:\onedrive\scratch\cppscratch\robonav2019\robonav2019\agent.cpp(708): warning C4018: '<': signed/unsigned mismatch
e:\onedrive\scratch\cppscratch\robonav2019\robonav2019\agent.cpp(710): warning C4018: '<': signed/unsigned mismatch
e:\onedrive\scratch\cppscratch\robonav2019\robonav2019\agent.cpp(764): warning C4018: '<': signed/unsigned mismatch
e:\onedrive\scratch\cppscratch\robonav2019\robonav2019\agent.cpp(772): warning C4018: '<': signed/unsigned mismatch
e:\onedrive\scratch\cppscratch\robonav2019\robonav2019\agent.cpp(829): warning C4018: '<': signed/unsigned mismatch
e:\onedrive\scratch\cppscratch\robonav2019\robonav2019\agent.cpp(837): warning C4018: '<': signed/unsigned mismatch
e:\onedrive\scratch\cppscratch\robonav2019\robonav2019\agent.cpp(851): warning C4018: '<': signed/unsigned mismatch
e:\onedrive\scratch\cppscratch\robonav2019\robonav2019\agent.cpp(878): warning C4244: 'initializing': conversion from 'double' to 'int', possible loss of data
e:\onedrive\scratch\cppscratch\robonav2019\robonav2019\agent.cpp(886): warning C4244: 'initializing': conversion from 'double' to 'int', possible loss of data
  Printers.cpp
  Source.cpp
e:\onedrive\scratch\cppscratch\robonav2019\robonav2019\source.cpp(58): warning C4018: '<': signed/unsigned mismatch
  Generating Code...
  Robonav2019.vcxproj -> E:\Onedrive\Scratch\CPPScratch\Robonav2019\Debug\Robonav2019.exe
